<?xml version="1.0" encoding="UTF-8"?>
<!-- Generated by org.testng.reporters.JUnitXMLReporter -->
<testsuite hostname="RizanLenovo" tests="2" failures="1" timestamp="22 May 2017 11:01:17 GMT" time="0.036" errors="0">
  <testcase name="f" time="0.007" classname="TestNG_test1"/>
  <testcase name="test1" time="0.004" classname="TestNG_test1">
    <failure type="java.lang.AssertionError" message="The following asserts failed:
expected [true] but found [false], expected [SoftAsserti] but found [SoftAssert], expected [1] but found [0], expected [true] but found [false]">
      <![CDATA[java.lang.AssertionError: The following asserts failed:
expected [true] but found [false], expected [SoftAsserti] but found [SoftAssert], expected [1] but found [0], expected [true] but found [false]
	at TestNG_test1.test1(TestNG_test1.java:108)
... Removed 25 stack frames]]>
    </failure>
  </testcase> <!-- test1 -->
</testsuite>
