<?xml version="1.0" encoding="UTF-8"?>
<!-- Generated by org.testng.reporters.JUnitXMLReporter -->
<testsuite hostname="RizanLenovo" tests="1" failures="1" timestamp="30 May 2017 09:42:05 GMT" time="0.014" errors="0">
  <testcase name="validateTitlesTest" time="0.004" classname="TestCase4">
    <failure type="java.lang.AssertionError" message="expected [Yahoo.com] but found [Gmail.com]">
      <![CDATA[java.lang.AssertionError: expected [Yahoo.com] but found [Gmail.com]
	at TestCase4.validateTitlesTest(TestCase4.java:13)
... Removed 29 stack frames]]>
    </failure>
  </testcase> <!-- validateTitlesTest -->
</testsuite>
