<?xml version="1.0" encoding="UTF-8"?>
<testng-results skipped="0" failed="3" ignored="0" total="3" passed="0">
  <reporter-output>
  </reporter-output>
  <suite name="Default suite" duration-ms="30359" started-at="2018-01-09T17:12:14Z" finished-at="2018-01-09T17:12:44Z">
    <groups>
    </groups>
    <test name="Default test" duration-ms="30359" started-at="2018-01-09T17:12:14Z" finished-at="2018-01-09T17:12:44Z">
      <class name="DataFeed.CP.DataFeedingTrial">
        <test-method status="PASS" signature="beforeSuite()[pri:0, instance:DataFeed.CP.DataFeedingTrial@a38d7a3]" name="beforeSuite" is-config="true" duration-ms="18" started-at="2018-01-09T22:42:14Z" finished-at="2018-01-09T22:42:14Z">
          <reporter-output>
          </reporter-output>
        </test-method> <!-- beforeSuite -->
        <test-method status="PASS" signature="beforeMethod()[pri:0, instance:DataFeed.CP.DataFeedingTrial@a38d7a3]" name="beforeMethod" is-config="true" duration-ms="9832" started-at="2018-01-09T22:42:14Z" finished-at="2018-01-09T22:42:24Z">
          <reporter-output>
          </reporter-output>
        </test-method> <!-- beforeMethod -->
        <test-method status="FAIL" signature="enterdata(java.lang.String, java.lang.String, java.lang.String, java.lang.String, java.lang.String, java.lang.String, java.lang.String)[pri:0, instance:DataFeed.CP.DataFeedingTrial@a38d7a3]" name="enterdata" duration-ms="10" started-at="2018-01-09T22:42:24Z" data-provider="entry" finished-at="2018-01-09T22:42:24Z">
          <params>
            <param index="0">
              <value>
                <![CDATA[sds@dsd.com]]>
              </value>
            </param>
            <param index="1">
              <value>
                <![CDATA[1]]>
              </value>
            </param>
            <param index="2">
              <value>
                <![CDATA[Sik]]>
              </value>
            </param>
            <param index="3">
              <value>
                <![CDATA[03/01/2018]]>
              </value>
            </param>
            <param index="4">
              <value>
                <![CDATA[F2+B2]]>
              </value>
            </param>
            <param index="5">
              <value>
                <![CDATA[7021064477]]>
              </value>
            </param>
            <param index="6">
              <value>
                <![CDATA[True]]>
              </value>
            </param>
          </params>
          <exception class="java.lang.Error">
            <message>
              <![CDATA[Unresolved compilation problem: Incompatible operand types List<WebElement> and boolean]]>
            </message>
            <full-stacktrace>
              <![CDATA[java.lang.Error: Unresolved compilation problem: Incompatible operand types List<WebElement> and booleanat DataFeed.CP.DataFeedingTrial.enterdata(DataFeedingTrial.java:65)at sun.reflect.NativeMethodAccessorImpl.invoke0(Native Method)at sun.reflect.NativeMethodAccessorImpl.invoke(Unknown Source)at sun.reflect.DelegatingMethodAccessorImpl.invoke(Unknown Source)at java.lang.reflect.Method.invoke(Unknown Source)at org.testng.internal.MethodInvocationHelper.invokeMethod(MethodInvocationHelper.java:124)at org.testng.internal.Invoker.invokeMethod(Invoker.java:571)at org.testng.internal.Invoker.invokeTestMethod(Invoker.java:707)at org.testng.internal.Invoker.invokeTestMethods(Invoker.java:979)at org.testng.internal.TestMethodWorker.invokeTestMethods(TestMethodWorker.java:125)at org.testng.internal.TestMethodWorker.run(TestMethodWorker.java:109)at org.testng.TestRunner.privateRun(TestRunner.java:648)at org.testng.TestRunner.run(TestRunner.java:505)at org.testng.SuiteRunner.runTest(SuiteRunner.java:455)at org.testng.SuiteRunner.runSequentially(SuiteRunner.java:450)at org.testng.SuiteRunner.privateRun(SuiteRunner.java:415)at org.testng.SuiteRunner.run(SuiteRunner.java:364)at org.testng.SuiteRunnerWorker.runSuite(SuiteRunnerWorker.java:52)at org.testng.SuiteRunnerWorker.run(SuiteRunnerWorker.java:84)at org.testng.TestNG.runSuitesSequentially(TestNG.java:1187)at org.testng.TestNG.runSuitesLocally(TestNG.java:1116)at org.testng.TestNG.runSuites(TestNG.java:1028)at org.testng.TestNG.run(TestNG.java:996)at org.testng.remote.AbstractRemoteTestNG.run(AbstractRemoteTestNG.java:132)at org.testng.remote.RemoteTestNG.initAndRun(RemoteTestNG.java:230)at org.testng.remote.RemoteTestNG.main(RemoteTestNG.java:76)]]>
            </full-stacktrace>
          </exception> <!-- java.lang.Error -->
          <reporter-output>
          </reporter-output>
        </test-method> <!-- enterdata -->
        <test-method status="PASS" signature="afterMethod()[pri:0, instance:DataFeed.CP.DataFeedingTrial@a38d7a3]" name="afterMethod" is-config="true" duration-ms="1" started-at="2018-01-09T22:42:24Z" finished-at="2018-01-09T22:42:24Z">
          <reporter-output>
          </reporter-output>
        </test-method> <!-- afterMethod -->
        <test-method status="PASS" signature="beforeMethod()[pri:0, instance:DataFeed.CP.DataFeedingTrial@a38d7a3]" name="beforeMethod" is-config="true" duration-ms="9762" started-at="2018-01-09T22:42:24Z" finished-at="2018-01-09T22:42:34Z">
          <reporter-output>
          </reporter-output>
        </test-method> <!-- beforeMethod -->
        <test-method status="FAIL" signature="enterdata(java.lang.String, java.lang.String, java.lang.String, java.lang.String, java.lang.String, java.lang.String, java.lang.String)[pri:0, instance:DataFeed.CP.DataFeedingTrial@a38d7a3]" name="enterdata" duration-ms="2" started-at="2018-01-09T22:42:34Z" data-provider="entry" finished-at="2018-01-09T22:42:34Z">
          <params>
            <param index="0">
              <value>
                <![CDATA[aps@aps.com]]>
              </value>
            </param>
            <param index="1">
              <value>
                <![CDATA[2]]>
              </value>
            </param>
            <param index="2">
              <value>
                <![CDATA[Pat]]>
              </value>
            </param>
            <param index="3">
              <value>
                <![CDATA[Female]]>
              </value>
            </param>
            <param index="4">
              <value>
                <![CDATA[35]]>
              </value>
            </param>
            <param index="5">
              <value>
                <![CDATA[7021606063]]>
              </value>
            </param>
            <param index="6">
              <value>
                <![CDATA[]]>
              </value>
            </param>
          </params>
          <exception class="java.lang.Error">
            <message>
              <![CDATA[Unresolved compilation problem: Incompatible operand types List<WebElement> and boolean]]>
            </message>
            <full-stacktrace>
              <![CDATA[java.lang.Error: Unresolved compilation problem: Incompatible operand types List<WebElement> and booleanat DataFeed.CP.DataFeedingTrial.enterdata(DataFeedingTrial.java:65)at sun.reflect.NativeMethodAccessorImpl.invoke0(Native Method)at sun.reflect.NativeMethodAccessorImpl.invoke(Unknown Source)at sun.reflect.DelegatingMethodAccessorImpl.invoke(Unknown Source)at java.lang.reflect.Method.invoke(Unknown Source)at org.testng.internal.MethodInvocationHelper.invokeMethod(MethodInvocationHelper.java:124)at org.testng.internal.Invoker.invokeMethod(Invoker.java:571)at org.testng.internal.Invoker.invokeTestMethod(Invoker.java:707)at org.testng.internal.Invoker.invokeTestMethods(Invoker.java:979)at org.testng.internal.TestMethodWorker.invokeTestMethods(TestMethodWorker.java:125)at org.testng.internal.TestMethodWorker.run(TestMethodWorker.java:109)at org.testng.TestRunner.privateRun(TestRunner.java:648)at org.testng.TestRunner.run(TestRunner.java:505)at org.testng.SuiteRunner.runTest(SuiteRunner.java:455)at org.testng.SuiteRunner.runSequentially(SuiteRunner.java:450)at org.testng.SuiteRunner.privateRun(SuiteRunner.java:415)at org.testng.SuiteRunner.run(SuiteRunner.java:364)at org.testng.SuiteRunnerWorker.runSuite(SuiteRunnerWorker.java:52)at org.testng.SuiteRunnerWorker.run(SuiteRunnerWorker.java:84)at org.testng.TestNG.runSuitesSequentially(TestNG.java:1187)at org.testng.TestNG.runSuitesLocally(TestNG.java:1116)at org.testng.TestNG.runSuites(TestNG.java:1028)at org.testng.TestNG.run(TestNG.java:996)at org.testng.remote.AbstractRemoteTestNG.run(AbstractRemoteTestNG.java:132)at org.testng.remote.RemoteTestNG.initAndRun(RemoteTestNG.java:230)at org.testng.remote.RemoteTestNG.main(RemoteTestNG.java:76)]]>
            </full-stacktrace>
          </exception> <!-- java.lang.Error -->
          <reporter-output>
          </reporter-output>
        </test-method> <!-- enterdata -->
        <test-method status="PASS" signature="afterMethod()[pri:0, instance:DataFeed.CP.DataFeedingTrial@a38d7a3]" name="afterMethod" is-config="true" duration-ms="0" started-at="2018-01-09T22:42:34Z" finished-at="2018-01-09T22:42:34Z">
          <reporter-output>
          </reporter-output>
        </test-method> <!-- afterMethod -->
        <test-method status="PASS" signature="beforeMethod()[pri:0, instance:DataFeed.CP.DataFeedingTrial@a38d7a3]" name="beforeMethod" is-config="true" duration-ms="9953" started-at="2018-01-09T22:42:34Z" finished-at="2018-01-09T22:42:44Z">
          <reporter-output>
          </reporter-output>
        </test-method> <!-- beforeMethod -->
        <test-method status="FAIL" signature="enterdata(java.lang.String, java.lang.String, java.lang.String, java.lang.String, java.lang.String, java.lang.String, java.lang.String)[pri:0, instance:DataFeed.CP.DataFeedingTrial@a38d7a3]" name="enterdata" duration-ms="2" started-at="2018-01-09T22:42:44Z" data-provider="entry" finished-at="2018-01-09T22:42:44Z">
          <params>
            <param index="0">
              <value>
                <![CDATA[sds@dsd.com]]>
              </value>
            </param>
            <param index="1">
              <value>
                <![CDATA[3]]>
              </value>
            </param>
            <param index="2">
              <value>
                <![CDATA[Sik]]>
              </value>
            </param>
            <param index="3">
              <value>
                <![CDATA[Male]]>
              </value>
            </param>
            <param index="4">
              <value>
                <![CDATA[30]]>
              </value>
            </param>
            <param index="5">
              <value>
                <![CDATA[7022147649]]>
              </value>
            </param>
            <param index="6">
              <value>
                <![CDATA[Y]]>
              </value>
            </param>
          </params>
          <exception class="java.lang.Error">
            <message>
              <![CDATA[Unresolved compilation problem: Incompatible operand types List<WebElement> and boolean]]>
            </message>
            <full-stacktrace>
              <![CDATA[java.lang.Error: Unresolved compilation problem: Incompatible operand types List<WebElement> and booleanat DataFeed.CP.DataFeedingTrial.enterdata(DataFeedingTrial.java:65)at sun.reflect.NativeMethodAccessorImpl.invoke0(Native Method)at sun.reflect.NativeMethodAccessorImpl.invoke(Unknown Source)at sun.reflect.DelegatingMethodAccessorImpl.invoke(Unknown Source)at java.lang.reflect.Method.invoke(Unknown Source)at org.testng.internal.MethodInvocationHelper.invokeMethod(MethodInvocationHelper.java:124)at org.testng.internal.Invoker.invokeMethod(Invoker.java:571)at org.testng.internal.Invoker.invokeTestMethod(Invoker.java:707)at org.testng.internal.Invoker.invokeTestMethods(Invoker.java:979)at org.testng.internal.TestMethodWorker.invokeTestMethods(TestMethodWorker.java:125)at org.testng.internal.TestMethodWorker.run(TestMethodWorker.java:109)at org.testng.TestRunner.privateRun(TestRunner.java:648)at org.testng.TestRunner.run(TestRunner.java:505)at org.testng.SuiteRunner.runTest(SuiteRunner.java:455)at org.testng.SuiteRunner.runSequentially(SuiteRunner.java:450)at org.testng.SuiteRunner.privateRun(SuiteRunner.java:415)at org.testng.SuiteRunner.run(SuiteRunner.java:364)at org.testng.SuiteRunnerWorker.runSuite(SuiteRunnerWorker.java:52)at org.testng.SuiteRunnerWorker.run(SuiteRunnerWorker.java:84)at org.testng.TestNG.runSuitesSequentially(TestNG.java:1187)at org.testng.TestNG.runSuitesLocally(TestNG.java:1116)at org.testng.TestNG.runSuites(TestNG.java:1028)at org.testng.TestNG.run(TestNG.java:996)at org.testng.remote.AbstractRemoteTestNG.run(AbstractRemoteTestNG.java:132)at org.testng.remote.RemoteTestNG.initAndRun(RemoteTestNG.java:230)at org.testng.remote.RemoteTestNG.main(RemoteTestNG.java:76)]]>
            </full-stacktrace>
          </exception> <!-- java.lang.Error -->
          <reporter-output>
          </reporter-output>
        </test-method> <!-- enterdata -->
        <test-method status="PASS" signature="afterMethod()[pri:0, instance:DataFeed.CP.DataFeedingTrial@a38d7a3]" name="afterMethod" is-config="true" duration-ms="1" started-at="2018-01-09T22:42:44Z" finished-at="2018-01-09T22:42:44Z">
          <reporter-output>
          </reporter-output>
        </test-method> <!-- afterMethod -->
        <test-method status="PASS" signature="afterSuite()[pri:0, instance:DataFeed.CP.DataFeedingTrial@a38d7a3]" name="afterSuite" is-config="true" duration-ms="619" started-at="2018-01-09T22:42:44Z" finished-at="2018-01-09T22:42:45Z">
          <reporter-output>
          </reporter-output>
        </test-method> <!-- afterSuite -->
      </class> <!-- DataFeed.CP.DataFeedingTrial -->
    </test> <!-- Default test -->
  </suite> <!-- Default suite -->
</testng-results>
