<?xml version="1.0" encoding="UTF-8"?>
<testng-results skipped="0" failed="0" ignored="0" total="1" passed="1">
  <reporter-output>
  </reporter-output>
  <suite name="Default suite" duration-ms="72" started-at="2018-09-12T06:07:18Z" finished-at="2018-09-12T06:07:18Z">
    <groups>
    </groups>
    <test name="Default test" duration-ms="72" started-at="2018-09-12T06:07:18Z" finished-at="2018-09-12T06:07:18Z">
      <class name="TestValidateTitles">
        <test-method status="PASS" signature="ValidteTitle()[pri:0, instance:TestValidateTitles@5f375618]" name="ValidteTitle" duration-ms="22" started-at="2018-09-12T06:07:18Z" finished-at="2018-09-12T06:07:18Z">
          <reporter-output>
          </reporter-output>
        </test-method> <!-- ValidteTitle -->
      </class> <!-- TestValidateTitles -->
    </test> <!-- Default test -->
  </suite> <!-- Default suite -->
</testng-results>
