<?xml version="1.0" encoding="UTF-8"?>
<!-- Generated by org.testng.reporters.JUnitXMLReporter -->
<testsuite hostname="RizanLenovo" tests="2" failures="1" timestamp="24 May 2017 08:30:52 GMT" time="0.042" errors="0">
  <testcase name="test_01" time="0.02" classname="TestNG_01">
    <failure type="java.lang.AssertionError" message="The following asserts failed:
expected [true] but found [false], expected [SoftAsserti] but found [SoftAssert], expected [true] but found [false]">
      <![CDATA[java.lang.AssertionError: The following asserts failed:
expected [true] but found [false], expected [SoftAsserti] but found [SoftAssert], expected [true] but found [false]
	at TestNG_01.test_01(TestNG_01.java:21)
... Removed 25 stack frames]]>
    </failure>
  </testcase> <!-- test_01 -->
  <testcase name="test_02" time="0.001" classname="TestNG_01"/>
</testsuite>
