<?xml version="1.0" encoding="UTF-8"?>
<!-- Generated by org.testng.reporters.JUnitXMLReporter -->
<testsuite hostname="RizanLenovo" tests="1" failures="1" timestamp="1 Dec 2015 04:29:13 GMT" time="0.054" errors="0">
  <testcase name="ValidteTitle" time="0.032" classname="TestValidateTitles">
    <failure type="java.lang.AssertionError" message="expected [Gmail.com] but found [Yahoo.com]">
      <![CDATA[java.lang.AssertionError: expected [Gmail.com] but found [Yahoo.com]
	at TestValidateTitles.ValidteTitle(TestValidateTitles.java:20)
... Removed 29 stack frames]]>
    </failure>
  </testcase> <!-- ValidteTitle -->
</testsuite>
