<?xml version="1.0" encoding="UTF-8"?>
<!-- Generated by org.testng.reporters.JUnitXMLReporter -->
<testsuite hostname="HPDV6" ignored="0" tests="1" failures="1" timestamp="12 Sep 2018 06:06:55 GMT" time="0.071" errors="0">
  <testcase name="ValidteTitle" time="0.02" classname="TestValidateTitles">
    <failure type="java.lang.AssertionError" message="expected [Gmail.com] but found [Yahoo.com]">
      <![CDATA[java.lang.AssertionError: expected [Gmail.com] but found [Yahoo.com]
at TestValidateTitles.ValidteTitle(TestValidateTitles.java:20)
... Removed 31 stack frames]]>
    </failure>
  </testcase> <!-- ValidteTitle -->
</testsuite>
